[15208:14928:1113/164642:VERBOSE1:crash_service_main.cc(76)] Session start. cmdline is [--reporter-url=https://crashreporter.atom.io --application-name=Atom --v=1]
[15208:14928:1113/164642:VERBOSE1:crash_service.cc(142)] window handle is 001708DC
[15208:14928:1113/164642:VERBOSE1:crash_service.cc(284)] pipe name is \\.\pipe\Atom Crash Service
dumps at C:\Users\dogie\AppData\Local\Temp\Atom Crashes
[15208:14928:1113/164642:VERBOSE1:crash_service.cc(288)] checkpoint is C:\Users\dogie\AppData\Local\Temp\Atom Crashes\crash_checkpoint.txt
server is https://crashreporter.atom.io
maximum 128 reports/day
reporter is electron-crash-service
[15208:14928:1113/164642:VERBOSE1:crash_service_main.cc(92)] Ready to process crash requests
[15208:11052:1113/164642:VERBOSE1:crash_service.cc(317)] client start. pid = 15692
[15208:11052:1113/164643:VERBOSE1:crash_service.cc(317)] client start. pid = 1696
[12576:2228:1113/164643:VERBOSE1:crash_service_main.cc(76)] Session start. cmdline is [--reporter-url=https://crashreporter.atom.io --application-name=Atom --v=1]
[12576:2228:1113/164643:VERBOSE1:crash_service.cc(142)] window handle is 001505FE
[12576:2228:1113/164643:VERBOSE1:crash_service.cc(284)] pipe name is \\.\pipe\Atom Crash Service
dumps at C:\Users\dogie\AppData\Local\Temp\Atom Crashes
[12576:2228:1113/164643:VERBOSE1:crash_service.cc(288)] checkpoint is C:\Users\dogie\AppData\Local\Temp\Atom Crashes\crash_checkpoint.txt
server is https://crashreporter.atom.io
maximum 128 reports/day
reporter is electron-crash-service
[12576:2228:1113/164643:ERROR:crash_service.cc(295)] could not start dumper
[15208:11048:1113/164708:VERBOSE1:crash_service.cc(325)] client end. pid = 15692
[15208:11048:1113/164708:VERBOSE1:crash_service.cc(325)] client end. pid = 1696
[15208:11048:1113/164709:VERBOSE1:crash_service.cc(346)] zero clients. exiting
[15208:14928:1113/164709:VERBOSE1:crash_service.cc(486)] session ending..
[15208:14928:1113/164709:VERBOSE1:crash_service.cc(491)] clients connected :2
clients terminated :2
dumps serviced :0
dumps reported :0
[15208:14928:1113/164709:VERBOSE1:crash_service_main.cc(97)] Session end. return code is 0
